<?xml version="1.0" encoding="UTF-8"?>
<testsuite name="models.SquadTest" tests="6" skipped="0" failures="0" errors="0" timestamp="2020-02-07T01:19:49" hostname="maggpies" time="0.002">
  <properties/>
  <testcase name="testSquad_instanciatesCorrectly_true" classname="models.SquadTest" time="0.0"/>
  <testcase name="testSquad_getsCause_true" classname="models.SquadTest" time="0.001"/>
  <testcase name="testSquad_getsName_true" classname="models.SquadTest" time="0.0"/>
  <testcase name="testSquad_getsMaxSize_true" classname="models.SquadTest" time="0.0"/>
  <testcase name="testSquad_getsAllSquads_true" classname="models.SquadTest" time="0.0"/>
  <testcase name="testSquad_getsSquadById_true" classname="models.SquadTest" time="0.0"/>
  <system-out><![CDATA[]]></system-out>
  <system-err><![CDATA[]]></system-err>
</testsuite>
