<?xml version="1.0" encoding="UTF-8"?>
<testsuite name="models.HeroTest" tests="7" skipped="0" failures="0" errors="0" timestamp="2020-02-13T08:07:27" hostname="maggpies" time="0.007">
  <properties/>
  <testcase name="testHero_getsHeroById_true" classname="models.HeroTest" time="0.004"/>
  <testcase name="testHero_getsAge_true" classname="models.HeroTest" time="0.0"/>
  <testcase name="testHero_getsAll_true" classname="models.HeroTest" time="0.0"/>
  <testcase name="testHero_getsWeakness_true" classname="models.HeroTest" time="0.001"/>
  <testcase name="testHero_getsSpecialPower_true" classname="models.HeroTest" time="0.0"/>
  <testcase name="testHero_getsName_true" classname="models.HeroTest" time="0.0"/>
  <testcase name="testHero_instanciatesCorrectly_true" classname="models.HeroTest" time="0.0"/>
  <system-out><![CDATA[]]></system-out>
  <system-err><![CDATA[]]></system-err>
</testsuite>
